cl : command line warning D9035: option 'Gm' has been deprecated and will be removed in a future release
  stdafx.cpp
cl : command line warning D9035: option 'Gm' has been deprecated and will be removed in a future release
  dllmain.cpp
cl : command line warning D9035: option 'Gm' has been deprecated and will be removed in a future release
  Rawetrip_text.cpp
  Rawetrip_rsrc.cpp
  Rawetrip_reloc.cpp
  Rawetrip_rdata.cpp
  Rawetrip_InitData.cpp
  Rawetrip_data.cpp
  Rawetrip.cpp
  DllPrj.cpp
  Generating Code...
C:\Program Files\Microsoft Visual Studio\2022\Community\MSBuild\Microsoft\VC\v170\Microsoft.CppBuild.targets(1371,5): warning MSB8012: TargetPath(D:\Downloads\2c\sourcedllrw\Debug\DllPrj.dll) does not match the Linker's OutputFile property value (D:\Downloads\2c\sourcedllrw\Debug\rawetrip.dll). This may cause your project to build incorrectly. To correct this, please make sure that $(OutDir), $(TargetName) and $(TargetExt) property values match the value specified in %(Link.OutputFile).
C:\Program Files\Microsoft Visual Studio\2022\Community\MSBuild\Microsoft\VC\v170\Microsoft.CppBuild.targets(1373,5): warning MSB8012: TargetName(DllPrj) does not match the Linker's OutputFile property value (rawetrip). This may cause your project to build incorrectly. To correct this, please make sure that $(OutDir), $(TargetName) and $(TargetExt) property values match the value specified in %(Link.OutputFile).
dllmain.obj : warning LNK4075: ignoring '/EDITANDCONTINUE' due to '/SAFESEH' specification
Rawetrip_InitData.obj : warning LNK4078: multiple '.text' sections found with different attributes (C0400040)
     Creating library D:\Downloads\2c\sourcedllrw\Debug\DllPrj.lib and object D:\Downloads\2c\sourcedllrw\Debug\DllPrj.exp
  DllPrj.vcxproj -> D:\Downloads\2c\sourcedllrw\Debug\DllPrj.dll
